Started GET "/" for 127.0.0.1 at 2023-07-29 20:29:09 +0300
  [1m[36mActiveRecord::SchemaMigration Pluck (0.2ms)[0m  [1m[34mSELECT "schema_migrations"."version" FROM "schema_migrations" ORDER BY "schema_migrations"."version" ASC[0m
  [1m[36mCACHE ActiveRecord::SchemaMigration Pluck (0.0ms)[0m  [1m[34mSELECT "schema_migrations"."version" FROM "schema_migrations" ORDER BY "schema_migrations"."version" ASC[0m
  
ActiveRecord::PendingMigrationError (

Migrations are pending. To resolve this issue, run:

        bin/rails db:migrate RAILS_ENV=development

You have 1 pending migration:

20230727211905_add_name_to_users.rb


):
  
activerecord (7.0.6) lib/active_record/migration.rb:627:in `check_pending!'
activerecord (7.0.6) lib/active_record/migration.rb:592:in `block (2 levels) in call'
activesupport (7.0.6) lib/active_support/file_update_checker.rb:83:in `execute'
activerecord (7.0.6) lib/active_record/migration.rb:597:in `block in call'
activerecord (7.0.6) lib/active_record/migration.rb:589:in `synchronize'
activerecord (7.0.6) lib/active_record/migration.rb:589:in `call'
actionpack (7.0.6) lib/action_dispatch/middleware/callbacks.rb:27:in `block in call'
activesupport (7.0.6) lib/active_support/callbacks.rb:99:in `run_callbacks'
actionpack (7.0.6) lib/action_dispatch/middleware/callbacks.rb:26:in `call'
actionpack (7.0.6) lib/action_dispatch/middleware/executor.rb:14:in `call'
actionpack (7.0.6) lib/action_dispatch/middleware/actionable_exceptions.rb:17:in `call'
actionpack (7.0.6) lib/action_dispatch/middleware/debug_exceptions.rb:28:in `call'
actionpack (7.0.6) lib/action_dispatch/middleware/show_exceptions.rb:29:in `call'
railties (7.0.6) lib/rails/rack/logger.rb:40:in `call_app'
railties (7.0.6) lib/rails/rack/logger.rb:25:in `block in call'
activesupport (7.0.6) lib/active_support/tagged_logging.rb:99:in `block in tagged'
activesupport (7.0.6) lib/active_support/tagged_logging.rb:37:in `tagged'
activesupport (7.0.6) lib/active_support/tagged_logging.rb:99:in `tagged'
railties (7.0.6) lib/rails/rack/logger.rb:25:in `call'
actionpack (7.0.6) lib/action_dispatch/middleware/remote_ip.rb:93:in `call'
actionpack (7.0.6) lib/action_dispatch/middleware/request_id.rb:26:in `call'
rack (2.2.7) lib/rack/runtime.rb:22:in `call'
activesupport (7.0.6) lib/active_support/cache/strategy/local_cache_middleware.rb:29:in `call'
actionpack (7.0.6) lib/action_dispatch/middleware/server_timing.rb:61:in `block in call'
actionpack (7.0.6) lib/action_dispatch/middleware/server_timing.rb:26:in `collect_events'
actionpack (7.0.6) lib/action_dispatch/middleware/server_timing.rb:60:in `call'
actionpack (7.0.6) lib/action_dispatch/middleware/executor.rb:14:in `call'
actionpack (7.0.6) lib/action_dispatch/middleware/static.rb:23:in `call'
rack (2.2.7) lib/rack/sendfile.rb:110:in `call'
actionpack (7.0.6) lib/action_dispatch/middleware/host_authorization.rb:137:in `call'
railties (7.0.6) lib/rails/engine.rb:530:in `call'
puma (5.6.6) lib/puma/configuration.rb:252:in `call'
puma (5.6.6) lib/puma/request.rb:77:in `block in handle_request'
puma (5.6.6) lib/puma/thread_pool.rb:340:in `with_force_shutdown'
puma (5.6.6) lib/puma/request.rb:76:in `handle_request'
puma (5.6.6) lib/puma/server.rb:443:in `process_client'
puma (5.6.6) lib/puma/thread_pool.rb:147:in `block in spawn_thread'
Started GET "/favicon.ico" for 127.0.0.1 at 2023-07-29 20:29:09 +0300
  [1m[36mActiveRecord::SchemaMigration Pluck (0.2ms)[0m  [1m[34mSELECT "schema_migrations"."version" FROM "schema_migrations" ORDER BY "schema_migrations"."version" ASC[0m
  [1m[36mCACHE ActiveRecord::SchemaMigration Pluck (0.0ms)[0m  [1m[34mSELECT "schema_migrations"."version" FROM "schema_migrations" ORDER BY "schema_migrations"."version" ASC[0m
  
ActiveRecord::PendingMigrationError (

Migrations are pending. To resolve this issue, run:

        bin/rails db:migrate RAILS_ENV=development

You have 1 pending migration:

20230727211905_add_name_to_users.rb


):
  
activerecord (7.0.6) lib/active_record/migration.rb:627:in `check_pending!'
activerecord (7.0.6) lib/active_record/migration.rb:592:in `block (2 levels) in call'
activesupport (7.0.6) lib/active_support/file_update_checker.rb:83:in `execute'
activerecord (7.0.6) lib/active_record/migration.rb:597:in `block in call'
activerecord (7.0.6) lib/active_record/migration.rb:589:in `synchronize'
activerecord (7.0.6) lib/active_record/migration.rb:589:in `call'
actionpack (7.0.6) lib/action_dispatch/middleware/callbacks.rb:27:in `block in call'
activesupport (7.0.6) lib/active_support/callbacks.rb:99:in `run_callbacks'
actionpack (7.0.6) lib/action_dispatch/middleware/callbacks.rb:26:in `call'
actionpack (7.0.6) lib/action_dispatch/middleware/executor.rb:14:in `call'
actionpack (7.0.6) lib/action_dispatch/middleware/actionable_exceptions.rb:17:in `call'
actionpack (7.0.6) lib/action_dispatch/middleware/debug_exceptions.rb:28:in `call'
actionpack (7.0.6) lib/action_dispatch/middleware/show_exceptions.rb:29:in `call'
railties (7.0.6) lib/rails/rack/logger.rb:40:in `call_app'
railties (7.0.6) lib/rails/rack/logger.rb:25:in `block in call'
activesupport (7.0.6) lib/active_support/tagged_logging.rb:99:in `block in tagged'
activesupport (7.0.6) lib/active_support/tagged_logging.rb:37:in `tagged'
activesupport (7.0.6) lib/active_support/tagged_logging.rb:99:in `tagged'
railties (7.0.6) lib/rails/rack/logger.rb:25:in `call'
actionpack (7.0.6) lib/action_dispatch/middleware/remote_ip.rb:93:in `call'
actionpack (7.0.6) lib/action_dispatch/middleware/request_id.rb:26:in `call'
rack (2.2.7) lib/rack/runtime.rb:22:in `call'
activesupport (7.0.6) lib/active_support/cache/strategy/local_cache_middleware.rb:29:in `call'
actionpack (7.0.6) lib/action_dispatch/middleware/server_timing.rb:61:in `block in call'
actionpack (7.0.6) lib/action_dispatch/middleware/server_timing.rb:26:in `collect_events'
actionpack (7.0.6) lib/action_dispatch/middleware/server_timing.rb:60:in `call'
actionpack (7.0.6) lib/action_dispatch/middleware/executor.rb:14:in `call'
actionpack (7.0.6) lib/action_dispatch/middleware/static.rb:23:in `call'
rack (2.2.7) lib/rack/sendfile.rb:110:in `call'
actionpack (7.0.6) lib/action_dispatch/middleware/host_authorization.rb:137:in `call'
railties (7.0.6) lib/rails/engine.rb:530:in `call'
puma (5.6.6) lib/puma/configuration.rb:252:in `call'
puma (5.6.6) lib/puma/request.rb:77:in `block in handle_request'
puma (5.6.6) lib/puma/thread_pool.rb:340:in `with_force_shutdown'
puma (5.6.6) lib/puma/request.rb:76:in `handle_request'
puma (5.6.6) lib/puma/server.rb:443:in `process_client'
puma (5.6.6) lib/puma/thread_pool.rb:147:in `block in spawn_thread'
  [1m[36mActiveRecord::SchemaMigration Pluck (0.1ms)[0m  [1m[34mSELECT "schema_migrations"."version" FROM "schema_migrations" ORDER BY "schema_migrations"."version" ASC[0m
Migrating to AddNameToUsers (20230727211905)
  [1m[36mTRANSACTION (0.1ms)[0m  [1m[36mbegin transaction[0m
  [1m[35m (0.2ms)[0m  [1m[35mALTER TABLE "users" ADD "name" varchar[0m
  [1m[36mTRANSACTION (0.0ms)[0m  [1m[31mrollback transaction[0m
  [1m[36mActiveRecord::SchemaMigration Pluck (0.2ms)[0m  [1m[34mSELECT "schema_migrations"."version" FROM "schema_migrations" ORDER BY "schema_migrations"."version" ASC[0m
Migrating to AddNameToUsers (20230727211905)
  [1m[36mTRANSACTION (0.1ms)[0m  [1m[36mbegin transaction[0m
  [1m[36mActiveRecord::SchemaMigration Create (1.0ms)[0m  [1m[32mINSERT INTO "schema_migrations" ("version") VALUES (?)[0m  [["version", "20230727211905"]]
  [1m[36mTRANSACTION (8.6ms)[0m  [1m[36mcommit transaction[0m
  [1m[36mActiveRecord::InternalMetadata Load (0.4ms)[0m  [1m[34mSELECT "ar_internal_metadata".* FROM "ar_internal_metadata" WHERE "ar_internal_metadata"."key" = ? LIMIT ?[0m  [["key", "environment"], ["LIMIT", 1]]
  [1m[36mActiveRecord::SchemaMigration Pluck (0.2ms)[0m  [1m[34mSELECT "schema_migrations"."version" FROM "schema_migrations" ORDER BY "schema_migrations"."version" ASC[0m
Started POST "/login" for 127.0.0.1 at 2023-07-29 21:25:05 +0300
  [1m[36mActiveRecord::SchemaMigration Pluck (0.2ms)[0m  [1m[34mSELECT "schema_migrations"."version" FROM "schema_migrations" ORDER BY "schema_migrations"."version" ASC[0m
Processing by SessionsController#create as */*
  Parameters: {"email"=>"be@gmail.com", "password"=>"[FILTERED]"}
Completed 500 Internal Server Error in 34ms (ActiveRecord: 0.0ms | Allocations: 20528)


  
NoMethodError (undefined method `[]' for nil:NilClass):
  
app/controllers/sessions_controller.rb:3:in `create'
Started GET "/" for 127.0.0.1 at 2023-07-29 21:25:32 +0300
Processing by Rails::WelcomeController#index as HTML
  Rendering /home/bellz/.rbenv/versions/2.7.4/lib/ruby/gems/2.7.0/gems/railties-7.0.6/lib/rails/templates/rails/welcome/index.html.erb
  Rendered /home/bellz/.rbenv/versions/2.7.4/lib/ruby/gems/2.7.0/gems/railties-7.0.6/lib/rails/templates/rails/welcome/index.html.erb (Duration: 6.0ms | Allocations: 660)
Completed 200 OK in 66ms (Views: 14.3ms | ActiveRecord: 0.0ms | Allocations: 7567)


Started GET "/login" for 127.0.0.1 at 2023-07-29 21:25:39 +0300
Processing by FallbackController#index as HTML
  Parameters: {"path"=>"login"}
Completed 200 OK in 3ms (Views: 2.2ms | ActiveRecord: 0.0ms | Allocations: 103)


Started GET "/favicon.ico" for 127.0.0.1 at 2023-07-29 21:25:39 +0300
  
ActionController::RoutingError (No route matches [GET] "/favicon.ico"):
  
Started POST "/login" for 127.0.0.1 at 2023-07-29 21:25:49 +0300
Processing by SessionsController#create as */*
  Parameters: {"email"=>"be@gmail.com", "password"=>"[FILTERED]"}
Completed 500 Internal Server Error in 1ms (ActiveRecord: 0.0ms | Allocations: 609)


  
NoMethodError (undefined method `[]' for nil:NilClass):
  
app/controllers/sessions_controller.rb:3:in `create'
Started POST "/login" for 127.0.0.1 at 2023-07-29 21:40:37 +0300
Processing by SessionsController#create as */*
  Parameters: {"email"=>"be@gmail.com", "password"=>"[FILTERED]"}
Completed 500 Internal Server Error in 1ms (Allocations: 606)


  
NoMethodError (undefined method `[]' for nil:NilClass):
  
app/controllers/sessions_controller.rb:3:in `create'
Started GET "/" for 127.0.0.1 at 2023-07-29 21:55:59 +0300
Processing by Rails::WelcomeController#index as HTML
  Rendering /home/bellz/.rbenv/versions/2.7.4/lib/ruby/gems/2.7.0/gems/railties-7.0.6/lib/rails/templates/rails/welcome/index.html.erb
  Rendered /home/bellz/.rbenv/versions/2.7.4/lib/ruby/gems/2.7.0/gems/railties-7.0.6/lib/rails/templates/rails/welcome/index.html.erb (Duration: 2.6ms | Allocations: 452)
Completed 200 OK in 8ms (Views: 5.6ms | Allocations: 1217)


